2023-08-06 08:12:23.787817 - Initialized conversion of CBT883
2023-08-06 08:12:32.158334 - Received CBT.V505.FILE883.PDS from FILE883.XMI 
2023-08-06 08:12:32.160516 - Found $$$#DATE.txt (text/plain) in CBT.V505.FILE883.PDS, moved to PDS/$$$#DATE
2023-08-06 08:12:32.161691 - Found #DOC.txt (text/plain) in CBT.V505.FILE883.PDS, moved to PDS/#DOC
2023-08-06 08:12:32.163953 - De-xmi-ed #DOCPDF to CBT883/docs/#DOCPDF.pdf
2023-08-06 08:12:32.166027 - De-xmi-ed #DOCWORD to CBT883/docs/#DOCWORD.docx
2023-08-06 08:12:32.167036 - Found @FILE883.txt (text/plain) in CBT.V505.FILE883.PDS, moved to PDS/@FILE883
2023-08-06 08:12:37.939234 - Found ADATA.xmi (application/xmit) in CBT.V505.FILE883.PDS
2023-08-06 08:12:37.956938   - Received to CBT883/CBTHSM.ADATA
2023-08-06 08:12:38.072977 - Found ASM.xmi (application/xmit) in CBT.V505.FILE883.PDS
2023-08-06 08:12:38.090903   - Received to CBT883/CBTHSM.ASM
2023-08-06 08:12:38.173578 - Found CNTL.xmi (application/xmit) in CBT.V505.FILE883.PDS
2023-08-06 08:12:38.187068   - Received to CBT883/CBTHSM.CNTL
2023-08-06 08:12:38.725857 - Found COMPLIST.xmi (application/xmit) in CBT.V505.FILE883.PDS
2023-08-06 08:12:38.739728   - Received to CBT883/CBTHSM.COMPLIST
2023-08-06 08:12:38.919005 - Found CPP.xmi (application/xmit) in CBT.V505.FILE883.PDS
2023-08-06 08:12:38.931319   - Received to CBT883/CBTHSM.CPP
2023-08-06 08:12:39.429064 - Found HPP.xmi (application/xmit) in CBT.V505.FILE883.PDS
2023-08-06 08:12:39.466496   - Received to CBT883/CBTHSM.HPP
2023-08-06 08:12:39.467613 - Found INSTALL.jcl (text/plain) in CBT.V505.FILE883.PDS, moved to PDS/INSTALL
2023-08-06 08:12:39.481201 - Found JOBS.xmi (application/xmit) in CBT.V505.FILE883.PDS
2023-08-06 08:12:39.485464   - Received to CBT883/CBTHSM.JOBS
2023-08-06 08:12:39.549238 - Found LOADLIB.xmi (application/xmit) in CBT.V505.FILE883.PDS
2023-08-06 08:12:39.560010   - Received RECFM=U data, stored XMIT file as CBT883/LOADLIB.xmi
2023-08-06 08:12:39.630174 - Found OBJECT.xmi (application/xmit) in CBT.V505.FILE883.PDS
2023-08-06 08:12:39.644273   - Received to CBT883/CBTHSM.OBJECT
2023-08-06 08:12:39.691271 - Found PROC.xmi (application/xmit) in CBT.V505.FILE883.PDS
2023-08-06 08:12:39.702917   - Received to CBT883/CBTHSM.PROC
2023-08-06 08:12:39.856222 - Found SAMPLIB.xmi (application/xmit) in CBT.V505.FILE883.PDS
2023-08-06 08:12:39.873494   - Received to CBT883/CBTHSM.SAMPLIB
